INFO [2016-03-04 16:49:35] [[1]]
INFO [2016-03-04 16:49:35] list(bm_fs_50, bm_tx_50, bm_f1_50)
INFO [2016-03-04 16:49:35] 
INFO [2016-03-04 16:49:35] [[2]]
INFO [2016-03-04 16:49:35] NULL
INFO [2016-03-04 16:49:35] 
INFO [2016-03-04 16:49:35] $fill
INFO [2016-03-04 16:49:35] c("red", "green", "yellow")
INFO [2016-03-04 16:49:35] 
INFO [2016-03-04 16:49:35] $alpha
INFO [2016-03-04 16:49:35] c(0.5, 0.5, 0.5)
INFO [2016-03-04 16:49:35] 
INFO [2016-03-04 16:49:35] $cex
INFO [2016-03-04 16:49:35] [1] 2
INFO [2016-03-04 16:49:35] 
INFO [2016-03-04 16:49:35] $cat.fontface
INFO [2016-03-04 16:49:35] [1] 4
INFO [2016-03-04 16:49:35] 
INFO [2016-03-04 16:49:35] $category.names
INFO [2016-03-04 16:49:35] c("FS", "TX", "F1")
INFO [2016-03-04 16:49:35] 
